0 info it worked if it ends with ok
1 verbose cli [ 'd:\\Perso\\Logiciels\\nodist\\v\\nodev5.5.0\\node.exe',
1 verbose cli   'd:\\Perso\\Logiciels\\nodist\\bin\\node_modules\\npm\\bin\\npm-cli.js',
1 verbose cli   'run',
1 verbose cli   'test' ]
2 info using npm@3.8.5
3 info using node@v5.5.0
4 verbose run-script [ 'pretest', 'test', 'posttest' ]
5 info lifecycle katajs@1.0.0~pretest: katajs@1.0.0
6 silly lifecycle katajs@1.0.0~pretest: no script for pretest, continuing
7 info lifecycle katajs@1.0.0~test: katajs@1.0.0
8 verbose lifecycle katajs@1.0.0~test: unsafe-perm in lifecycle true
9 verbose lifecycle katajs@1.0.0~test: PATH: d:\Perso\Logiciels\nodist\bin\node_modules\npm\bin\node-gyp-bin;D:\git\katajs\node_modules\.bin;d:\Perso\Logiciels\nodist\v\nodev5.5.0;c:\ProgramData\Oracle\Java\javapath;c:\windows\system32;c:\windows;c:\windows\System32\Wbem;c:\windows\System32\WindowsPowerShell\v1.0\;c:\Program Files\Axalto\Access Client\v5\;c:\Program Files (x86)\Gemalto\Access Client\v5\;c:\Program Files\Intel\WiFi\bin\;c:\Program Files\Common Files\Intel\WirelessCommon\;c:\Users\htaesch070511\AppData\Local\atom\bin;d:\Perso\Logiciels\nodist\bin;d:\Perso\Logiciels\nodist\v\nodev5.5.0;d:\Perso\Logiciels\phantomjs-1.9.8-windows;c:\HOMEWARE\INCRE-DIBOX\apps\msysgit-1.8.3\bin
10 verbose lifecycle katajs@1.0.0~test: CWD: D:\git\katajs
11 silly lifecycle katajs@1.0.0~test: Args: [ '/d /s /c', 'mocha' ]
12 silly lifecycle katajs@1.0.0~test: Returned: code: 1  signal: null
13 info lifecycle katajs@1.0.0~test: Failed to exec test script
14 verbose stack Error: katajs@1.0.0 test: `mocha`
14 verbose stack Exit status 1
14 verbose stack     at EventEmitter.<anonymous> (d:\Perso\Logiciels\nodist\bin\node_modules\npm\lib\utils\lifecycle.js:239:16)
14 verbose stack     at emitTwo (events.js:100:13)
14 verbose stack     at EventEmitter.emit (events.js:185:7)
14 verbose stack     at ChildProcess.<anonymous> (d:\Perso\Logiciels\nodist\bin\node_modules\npm\lib\utils\spawn.js:24:14)
14 verbose stack     at emitTwo (events.js:100:13)
14 verbose stack     at ChildProcess.emit (events.js:185:7)
14 verbose stack     at maybeClose (internal/child_process.js:821:16)
14 verbose stack     at Process.ChildProcess._handle.onexit (internal/child_process.js:211:5)
15 verbose pkgid katajs@1.0.0
16 verbose cwd D:\git\katajs
17 error Windows_NT 6.1.7601
18 error argv "d:\\Perso\\Logiciels\\nodist\\v\\nodev5.5.0\\node.exe" "d:\\Perso\\Logiciels\\nodist\\bin\\node_modules\\npm\\bin\\npm-cli.js" "run" "test"
19 error node v5.5.0
20 error npm  v3.8.5
21 error code ELIFECYCLE
22 error katajs@1.0.0 test: `mocha`
22 error Exit status 1
23 error Failed at the katajs@1.0.0 test script 'mocha'.
23 error Make sure you have the latest version of node.js and npm installed.
23 error If you do, this is most likely a problem with the katajs package,
23 error not with npm itself.
23 error Tell the author that this fails on your system:
23 error     mocha
23 error You can get information on how to open an issue for this project with:
23 error     npm bugs katajs
23 error Or if that isn't available, you can get their info via:
23 error     npm owner ls katajs
23 error There is likely additional logging output above.
24 verbose exit [ 1, true ]
